################################################################################
# $Id: opt.lst 2018-04 $
#
# Project:  Prj.
# Purpose:  Make base options.
# Author:   Weiwei Huang, 898687324@qq.com
#
################################################################################
# Copyright (c) 2018-01 ~ 2018 Weiwei Huang
#
# This program is free software; you can redistribute it and/or modify it under 
# the terms of the GNU General Public License as published by the Free Software 
# Foundation, either version 3 of the License, or (at your option) any later 
# version.
#
# This program is distributed in the hope that it will be useful, but WITHOUT 
# ANY WARRANTY; without even the implied warranty of MERCHANTABILITY or FITNESS 
# FOR A PARTICULAR PURPOSE.  See the GNU General Public License for more 
# details.
#
# You should have received a copy of the GNU General Public License along with 
# this program.  If not, see <http://www.gnu.org/licenses/>.
################################################################################

# Project name
NAME = prj
CATEGORY = swpcme

# Mode
OS = x86_64-pc-linux-gnu
TARGET_OS = x86_64-pc-linux-gnu
DEBUG = yes

# Version
VERSION = 0.0.1
VCS = git

# Environment
HOME_DIR = /home/swpcme
ENV_EXTRA_PATH =
VERSION_DIR_NAME = 0_0_1
SOURCE_DIR_NAME = source/$(VERSION_DIR_NAME)
WORK_DIR = $(HOME_DIR)/file/source/$(CATEGORY)/$(NAME)/$(SOURCE_DIR_NAME)
MK_DIR = $(HOME_DIR)/me/usr/share/prj/mk

# Builder
BUILDER = aconf

# Makefile
RES_LAYER = file/resource/$(CATEGORY)/$(NAME)
RES_DIR = $(HOME_DIR)/$(RES_LAYER)
TMP_RES_DIR = $(HOME_DIR)/tmp/$(RES_LAYER)
INSTALL_DIR = $(RES_DIR)/install
DOC_API_CFG_DIR = $(SRC_DIR)/doc/api
DOC_API_CFG_FILE = doc_main
BUILD_DIR = $(TMP_RES_DIR)/build