################################################################################
# $Id: opt_cxx.lst 2018-01 $
#
# Project:  Prj.
# Purpose:  Make cxx options.
# Author:   Weiwei Huang, 898687324@qq.com
#
################################################################################
# Copyright (c) 2018-01 ~ 2018 Weiwei Huang
#
# This program is free software; you can redistribute it and/or modify it under 
# the terms of the GNU General Public License as published by the Free Software 
# Foundation, either version 3 of the License, or (at your option) any later 
# version.
#
# This program is distributed in the hope that it will be useful, but WITHOUT 
# ANY WARRANTY; without even the implied warranty of MERCHANTABILITY or FITNESS 
# FOR A PARTICULAR PURPOSE.  See the GNU General Public License for more 
# details.
#
# You should have received a copy of the GNU General Public License along with 
# this program.  If not, see <http://www.gnu.org/licenses/>.
################################################################################

# c
C_SUFFIX = c
# cxx
CXX_SUFFIX = cxx
C_EXTRA_LIB_DIR = -L$(HOME_DIR)/me/usr/lib
# lib
INSTALL_H_DIR = $(INSTALL_DIR)/include
# linker, init by sh/prj_init.sh.
C_CXX_LINKER_FILE =

# gcc
CXX_LD_LIBRARY_PATH =

# glibc
CXX_LIBC_PATH = $(HOME_DIR)/file/resource/func/sys/libs/glibc/install/glibc-2.26/${OS}/lib
CXX_LIBC_LD_SO = 

# ccc
CCC_BIN_PATH = $(HOME_DIR)/file/resource/func/dev/util/ccache/install/git/${OS}/bin
CCC_ENABLE = no

# dcc
DCC_BIN_PATH = $(HOME_DIR)/file/resource/func/sys/devel/distcc/install/${OS}/bin
DCC_ENABLE = no

# vgr
VGR_BIN_PATH = $(HOME_DIR)/file/resource/func/dev/util/valgrind/install/svn/VALGRIND_3_13_0/x86_64-pc-linux-gnu/bin
VGR_LIBC_LIB_PATH = $(HOME_DIR)/file/resource/func/sys/libs/glibc/install/glibc-2.26/x86_64-pc-linux-gnu/lib
VGR_LD_LIBRARY_PATH_EXTRA = $(VGR_LIBC_LIB_PATH):/usr/lib/gcc/x86_64-pc-linux-gnu/7.3.0:/usr/lib:/lib64