# -*- mode: config -*-
################################################################################
# $Id: opt_tex.lst 2018-03 $
#
# Project:  Prj.
# Purpose:  Make tex options.
# Author:   Weiwei Huang, 898687324@qq.com
#
################################################################################
# Copyright (c) 2018-03 ~ 2018 Weiwei Huang
#
# This program is free software; you can redistribute it and/or modify it under 
# the terms of the GNU General Public License as published by the Free Software 
# Foundation, either version 3 of the License, or (at your option) any later 
# version.
#
# This program is distributed in the hope that it will be useful, but WITHOUT 
# ANY WARRANTY; without even the implied warranty of MERCHANTABILITY or FITNESS 
# FOR A PARTICULAR PURPOSE.  See the GNU General Public License for more 
# details.
#
# You should have received a copy of the GNU General Public License along with 
# this program.  If not, see <http://www.gnu.org/licenses/>.
################################################################################

# TeX
TEX_SUFFIX = tex
DVI_SUFFIX = dvi
PDF_SUFFIX = pdf

TEX_FORMAT = latex
TEX_OUT_FORMAT = pdf

## example
# TEX_CJK_DIR = /home/swpcme/file/source/func/app/text/tex/language/chinese/cjk/source/git
# TEX_INPUTS = $(TEX_CJK_DIR)/texinput:$(TEX_CJK_DIR)/texinput/mule:$(TEX_CJK_DIR)/texinput/UTF8: