################################################################################
# $Id: opt_patch.lst 2018-05 $
#
# Project:  Prj.
# Purpose:  Patch options.
# Author:   Weiwei Huang, 898687324@qq.com
#
################################################################################
# Copyright (c) 2018-05 ~ 2018 Weiwei Huang
#
# This program is free software; you can redistribute it and/or modify it under 
# the terms of the GNU General Public License as published by the Free Software 
# Foundation, either version 3 of the License, or (at your option) any later 
# version.
#
# This program is distributed in the hope that it will be useful, but WITHOUT 
# ANY WARRANTY; without even the implied warranty of MERCHANTABILITY or FITNESS 
# FOR A PARTICULAR PURPOSE.  See the GNU General Public License for more 
# details.
#
# You should have received a copy of the GNU General Public License along with 
# this program.  If not, see <http://www.gnu.org/licenses/>.
################################################################################

PATCH_FILE_NAME = $(NAME)_$(VERSION).diff
PATCH_FILE_PATH = $(SRC_DIR)/../patch

# install
PATCH_WORK_DIR = $(WORK_DIR)/..
PATCH_FILE_OLD = 
PATCH_FILE_NEW =
PATCH_DIFF_EXCLUDE_FILE = [.]*

# apply
PATCH_OBJ_DIR = $(PRJ_BUILD_DIR)
PATCH_STRIP_NUM = 1