################################################################################
# $Id: cxx_lib.lst 2018-03 $
#
# Project:  Prj.
# Purpose:  Cxx lib list.
# Author:   Weiwei Huang, 898687324@qq.com
#
################################################################################
# Copyright (c) 2018-02 ~ 2018 Weiwei Huang
#
# This program is free software; you can redistribute it and/or modify it under 
# the terms of the GNU General Public License as published by the Free Software 
# Foundation, either version 3 of the License, or (at your option) any later 
# version.
#
# This program is distributed in the hope that it will be useful, but WITHOUT 
# ANY WARRANTY; without even the implied warranty of MERCHANTABILITY or FITNESS 
# FOR A PARTICULAR PURPOSE.  See the GNU General Public License for more 
# details.
#
# You should have received a copy of the GNU General Public License along with 
# this program.  If not, see <http://www.gnu.org/licenses/>.
################################################################################

LAYER = .

SUB_DIR =

C_SRC_DIR = 

C_OBJ =

C_HEADER_DIR = $(C_SRC_DIR)

C_HEADER =

# library 
C_CXX_LIB_NAME = mets
C_CXX_LIB_FLAG_SO = yes
C_CXX_LIB_FLAG_A = no

# Extra dynamic/static library.
C_CXX_LIB_A_EXTRA =
C_CXX_LIB_SO_EXTRA = 