################################################################################
# $Id: opt.lst 2018-01 $
#
# Project:  Prj.
# Purpose:  Make controler options.
# Author:   Weiwei Huang, 898687324@qq.com
#
################################################################################
# Copyright (c) 2016-08 ~ 2017 Weiwei Huang
#
# This program is free software; you can redistribute it and/or modify it under 
# the terms of the GNU General Public License as published by the Free Software 
# Foundation, either version 3 of the License, or (at your option) any later 
# version.
#
# This program is distributed in the hope that it will be useful, but WITHOUT 
# ANY WARRANTY; without even the implied warranty of MERCHANTABILITY or FITNESS 
# FOR A PARTICULAR PURPOSE.  See the GNU General Public License for more 
# details.
#
# You should have received a copy of the GNU General Public License along with 
# this program.  If not, see <http://www.gnu.org/licenses/>.
################################################################################

# Options
include $(SRC_DIR)/opt/opt_base.lst
include $(SRC_DIR)/opt/opt_dir.lst
include $(SRC_DIR)/opt/opt_patch.lst
include $(SRC_DIR)/opt/opt_aconf.lst
include $(SRC_DIR)/opt/opt_cmake.lst
include $(SRC_DIR)/opt/opt_extra.lst
include $(SRC_DIR)/opt/opt_module.lst
include $(SRC_DIR)/opt/opt_os.lst
include $(SRC_DIR)/opt/opt_amg.lst
include $(SRC_DIR)/opt/opt_cxx.lst
include $(SRC_DIR)/opt/opt_swig.lst
include $(SRC_DIR)/opt/opt_java.lst
include $(SRC_DIR)/opt/opt_pyc.lst
include $(SRC_DIR)/opt/opt_tex.lst
include $(SRC_DIR)/opt/opt_patch.lst

# File
OPTCTL_MK = $(MK_DIR)/prj_optctl.mk
include $(OPTCTL_MK)