################################################################################
# $Id: file.lst 2018-02 $
#
# Project:  Prj.
# Purpose:  Pyc file list.
# Author:   Weiwei Huang, 898687324@qq.com
#
################################################################################
# Copyright (c) 2018-02 ~ 2018 Weiwei Huang
#
# This program is free software; you can redistribute it and/or modify it under 
# the terms of the GNU General Public License as published by the Free Software 
# Foundation, either version 3 of the License, or (at your option) any later 
# version.
#
# This program is distributed in the hope that it will be useful, but WITHOUT 
# ANY WARRANTY; without even the implied warranty of MERCHANTABILITY or FITNESS 
# FOR A PARTICULAR PURPOSE.  See the GNU General Public License for more 
# details.
#
# You should have received a copy of the GNU General Public License along with 
# this program.  If not, see <http://www.gnu.org/licenses/>.
################################################################################

SUB_NAME =

LAYER = .

SUB_DIR =

PYC_SRC_DIR = $(WORK_DIR)/$(NAME)

PYC_OBJ = \
          __init__.cxx 

PYC_HEADER = 

C_LIB_SO_NAME =

C_EXTRA_LIB_SO = -lpython3.5m