# !bash --posix -*- mode: makefile -*-
################################################################################
# $Id: git_clone.lst 2018-07 $
#
# Project:  Prj.
# Purpose:  Git clone repository.
# Author:   Weiwei Huang, 898687324@qq.com
#
################################################################################
# Copyright (c) 2018-07 ~ 2018 Weiwei Huang
#
# This program is free software; you can redistribute it and/or modify it under 
# the terms of the GNU General Public License as published by the Free Software 
# Foundation, either version 3 of the License, or (at your option) any later 
# version.
#
# This program is distributed in the hope that it will be useful, but WITHOUT 
# ANY WARRANTY; without even the implied warranty of MERCHANTABILITY or FITNESS 
# FOR A PARTICULAR PURPOSE.  See the GNU General Public License for more 
# details.
#
# You should have received a copy of the GNU General Public License along with 
# this program.  If not, see <http://www.gnu.org/licenses/>.
################################################################################

GIT_RMT_ADDR = 
GIT_TGT_DIR_TMP_1 = $(shell pwd)
GIT_TGT_DIR_TMP_2 = $(shell echo "$(GIT_TGT_DIR_TMP_1)" | sed "s/\/swpcme\/func/\/func/")
GIT_TGT_DIR_TMP_3 = $(shell echo "$(GIT_TGT_DIR_TMP_2)" | sed "s/\/git.sh//")
GIT_TGT_DIR = $(shell echo "$(GIT_TGT_DIR_TMP_3)" | sed "s/\/src/\/source/")
