################################################################################
# $Id: file.lst 2017-08 $
#
# Project:  Prj.
# Purpose:  Java file list.
# Author:   Weiwei Huang, 898687324@qq.com
#
################################################################################
# Copyright (c) 2017-08 ~ 2017 Weiwei Huang
#
# This program is free software; you can redistribute it and/or modify it under 
# the terms of the GNU General Public License as published by the Free Software 
# Foundation, either version 3 of the License, or (at your option) any later 
# version.
#
# This program is distributed in the hope that it will be useful, but WITHOUT 
# ANY WARRANTY; without even the implied warranty of MERCHANTABILITY or FITNESS 
# FOR A PARTICULAR PURPOSE.  See the GNU General Public License for more 
# details.
#
# You should have received a copy of the GNU General Public License along with 
# this program.  If not, see <http://www.gnu.org/licenses/>.
################################################################################

SUB_NAME = java

LAYER = mk/lang/java

INSTALL_FILE = \
               prj_javactl.mk \
               prj_javadefn.mk \
               prj_javatool.mk \
               prj_javatarget.mk